2022-11-02 11:31:40,227:INFO:Initializing load_model()
2022-11-02 11:31:40,227:INFO:load_model(model_name=best_model, platform=None, authentication=None, verbose=True)
2022-11-02 11:31:45,959:INFO:Initializing load_model()
2022-11-02 11:31:45,960:INFO:load_model(model_name=best_model, platform=None, authentication=None, verbose=True)
2022-11-02 11:34:05,394:INFO:Initializing load_model()
2022-11-02 11:34:05,394:INFO:Initializing load_model()
2022-11-02 11:34:05,396:INFO:load_model(model_name=best_model, platform=None, authentication=None, verbose=True)
2022-11-02 11:34:05,396:INFO:load_model(model_name=best_model, platform=None, authentication=None, verbose=True)
2022-11-02 11:34:06,966:INFO:Initializing load_model()
2022-11-02 11:34:06,966:INFO:load_model(model_name=best_model, platform=None, authentication=None, verbose=True)
2022-11-02 15:48:31,261:INFO:Initializing load_model()
2022-11-02 15:49:02,248:INFO:Initializing load_model()
2022-11-02 15:49:26,510:INFO:Initializing load_model()
2022-11-02 15:50:43,969:INFO:Initializing load_model()
2022-11-02 15:52:36,040:INFO:Initializing load_model()
2022-11-02 15:53:35,033:INFO:Initializing load_model()
2022-11-02 15:53:48,452:INFO:Initializing load_model()
2022-11-02 15:54:19,863:INFO:Initializing load_model()
2022-11-02 15:54:59,362:INFO:Initializing load_model()
2022-11-02 15:55:20,769:INFO:load_model(model_name=best_model, platform=None, authentication=None, verbose=True)
2022-11-02 15:55:20,769:INFO:load_model(model_name=best_model, platform=None, authentication=None, verbose=True)
2022-11-02 15:55:20,769:INFO:load_model(model_name=best_model, platform=None, authentication=None, verbose=True)
2022-11-02 15:55:20,769:INFO:load_model(model_name=best_model, platform=None, authentication=None, verbose=True)
2022-11-02 15:55:20,769:INFO:load_model(model_name=best_model.pkl, platform=None, authentication=None, verbose=True)
2022-11-02 15:55:20,769:INFO:load_model(model_name=best_model.pkl, platform=None, authentication=None, verbose=True)
2022-11-02 15:55:20,809:INFO:load_model(model_name=best_model, platform=None, authentication=None, verbose=True)
2022-11-02 15:55:20,813:INFO:load_model(model_name=best_model, platform=None, authentication=None, verbose=True)
2022-11-02 15:55:20,813:INFO:load_model(model_name=best_model, platform=None, authentication=None, verbose=True)
2022-11-02 15:57:03,375:INFO:Initializing load_model()
2022-11-02 15:57:03,386:INFO:load_model(model_name=best_model, platform=None, authentication=None, verbose=True)
2022-11-02 15:57:29,026:INFO:Initializing load_model()
2022-11-02 15:57:29,028:INFO:load_model(model_name=best_model, platform=None, authentication=None, verbose=True)
2022-11-02 15:57:41,801:INFO:Initializing load_model()
2022-11-02 15:57:41,802:INFO:load_model(model_name=best_model, platform=None, authentication=None, verbose=True)
2022-11-02 15:57:41,890:INFO:Initializing predict_model()
2022-11-02 15:57:41,890:INFO:predict_model(estimator=Pipeline(steps=[('dtypes',
                 DataTypes_Auto_infer(ml_usecase='regression',
                                      numerical_features=['Temp', 'D.O. (mg/l)',
                                                          'PH',
                                                          'CONDUCTIVITY '
                                                          '(µmhos/cm)',
                                                          'NITRATENAN N+ '
                                                          'NITRITENANN (mg/l)',
                                                          'FECAL COLIFORM '
                                                          '(MPN/100ml)',
                                                          'TOTAL COLIFORM '
                                                          '(MPN/100ml)Mean'],
                                      target='B.O.D. (mg/l)')),
                ('imputer',
                 Simple_Imputer(categorical_strategy='not_available',
                                fill_value_categorical=...
                ('binn', 'passthrough'), ('rem_outliers', 'passthrough'),
                ('cluster_all', 'passthrough'),
                ('dummy', Dummify(target='B.O.D. (mg/l)')),
                ('fix_perfect', Remove_100(target='B.O.D. (mg/l)')),
                ('clean_names', Clean_Colum_Names()),
                ('feature_select', 'passthrough'), ('fix_multi', 'passthrough'),
                ('dfs', 'passthrough'), ('pca', 'passthrough'),
                ['trained_model', LassoLars(random_state=3769)]]), probability_threshold=None, encoded_labels=True, drift_report=False, raw_score=False, round=4, verbose=True, ml_usecase=MLUsecase.REGRESSION, display=None, drift_kwargs=None)
2022-11-02 15:57:41,893:INFO:Checking exceptions
2022-11-02 15:57:41,893:INFO:Preloading libraries
2022-11-02 15:59:43,976:INFO:Initializing load_model()
2022-11-02 15:59:43,976:INFO:load_model(model_name=best_model, platform=None, authentication=None, verbose=True)
2022-11-02 15:59:55,320:INFO:Initializing load_model()
2022-11-02 15:59:55,320:INFO:load_model(model_name=best_model, platform=None, authentication=None, verbose=True)
2022-11-02 15:59:55,392:INFO:Initializing predict_model()
2022-11-02 15:59:55,392:INFO:predict_model(estimator=Pipeline(steps=[('dtypes',
                 DataTypes_Auto_infer(ml_usecase='regression',
                                      numerical_features=['Temp', 'D.O. (mg/l)',
                                                          'PH',
                                                          'CONDUCTIVITY '
                                                          '(µmhos/cm)',
                                                          'NITRATENAN N+ '
                                                          'NITRITENANN (mg/l)',
                                                          'FECAL COLIFORM '
                                                          '(MPN/100ml)',
                                                          'TOTAL COLIFORM '
                                                          '(MPN/100ml)Mean'],
                                      target='B.O.D. (mg/l)')),
                ('imputer',
                 Simple_Imputer(categorical_strategy='not_available',
                                fill_value_categorical=...
                ('binn', 'passthrough'), ('rem_outliers', 'passthrough'),
                ('cluster_all', 'passthrough'),
                ('dummy', Dummify(target='B.O.D. (mg/l)')),
                ('fix_perfect', Remove_100(target='B.O.D. (mg/l)')),
                ('clean_names', Clean_Colum_Names()),
                ('feature_select', 'passthrough'), ('fix_multi', 'passthrough'),
                ('dfs', 'passthrough'), ('pca', 'passthrough'),
                ['trained_model', LassoLars(random_state=3769)]]), probability_threshold=None, encoded_labels=True, drift_report=False, raw_score=False, round=4, verbose=True, ml_usecase=MLUsecase.REGRESSION, display=None, drift_kwargs=None)
2022-11-02 15:59:55,396:INFO:Checking exceptions
2022-11-02 15:59:55,396:INFO:Preloading libraries
2022-11-02 16:01:01,041:INFO:Initializing load_model()
2022-11-02 16:01:01,041:INFO:load_model(model_name=best_model, platform=None, authentication=None, verbose=True)
2022-11-02 16:01:07,678:INFO:Initializing load_model()
2022-11-02 16:01:07,680:INFO:load_model(model_name=best_model, platform=None, authentication=None, verbose=True)
2022-11-02 16:01:07,761:INFO:Initializing predict_model()
2022-11-02 16:01:07,761:INFO:predict_model(estimator=Pipeline(steps=[('dtypes',
                 DataTypes_Auto_infer(ml_usecase='regression',
                                      numerical_features=['Temp', 'D.O. (mg/l)',
                                                          'PH',
                                                          'CONDUCTIVITY '
                                                          '(µmhos/cm)',
                                                          'NITRATENAN N+ '
                                                          'NITRITENANN (mg/l)',
                                                          'FECAL COLIFORM '
                                                          '(MPN/100ml)',
                                                          'TOTAL COLIFORM '
                                                          '(MPN/100ml)Mean'],
                                      target='B.O.D. (mg/l)')),
                ('imputer',
                 Simple_Imputer(categorical_strategy='not_available',
                                fill_value_categorical=...
                ('binn', 'passthrough'), ('rem_outliers', 'passthrough'),
                ('cluster_all', 'passthrough'),
                ('dummy', Dummify(target='B.O.D. (mg/l)')),
                ('fix_perfect', Remove_100(target='B.O.D. (mg/l)')),
                ('clean_names', Clean_Colum_Names()),
                ('feature_select', 'passthrough'), ('fix_multi', 'passthrough'),
                ('dfs', 'passthrough'), ('pca', 'passthrough'),
                ['trained_model', LassoLars(random_state=3769)]]), probability_threshold=None, encoded_labels=True, drift_report=False, raw_score=False, round=4, verbose=True, ml_usecase=MLUsecase.REGRESSION, display=None, drift_kwargs=None)
2022-11-02 16:01:07,768:INFO:Checking exceptions
2022-11-02 16:01:07,769:INFO:Preloading libraries
2022-11-02 16:01:24,716:INFO:Initializing load_model()
2022-11-02 16:01:24,732:INFO:load_model(model_name=best_model, platform=None, authentication=None, verbose=True)
2022-11-02 16:01:36,669:INFO:Initializing load_model()
2022-11-02 16:01:36,669:INFO:load_model(model_name=best_model, platform=None, authentication=None, verbose=True)
2022-11-02 16:01:36,752:INFO:Initializing predict_model()
2022-11-02 16:01:36,752:INFO:predict_model(estimator=Pipeline(steps=[('dtypes',
                 DataTypes_Auto_infer(ml_usecase='regression',
                                      numerical_features=['Temp', 'D.O. (mg/l)',
                                                          'PH',
                                                          'CONDUCTIVITY '
                                                          '(µmhos/cm)',
                                                          'NITRATENAN N+ '
                                                          'NITRITENANN (mg/l)',
                                                          'FECAL COLIFORM '
                                                          '(MPN/100ml)',
                                                          'TOTAL COLIFORM '
                                                          '(MPN/100ml)Mean'],
                                      target='B.O.D. (mg/l)')),
                ('imputer',
                 Simple_Imputer(categorical_strategy='not_available',
                                fill_value_categorical=...
                ('binn', 'passthrough'), ('rem_outliers', 'passthrough'),
                ('cluster_all', 'passthrough'),
                ('dummy', Dummify(target='B.O.D. (mg/l)')),
                ('fix_perfect', Remove_100(target='B.O.D. (mg/l)')),
                ('clean_names', Clean_Colum_Names()),
                ('feature_select', 'passthrough'), ('fix_multi', 'passthrough'),
                ('dfs', 'passthrough'), ('pca', 'passthrough'),
                ['trained_model', LassoLars(random_state=3769)]]), probability_threshold=None, encoded_labels=True, drift_report=False, raw_score=False, round=4, verbose=True, ml_usecase=MLUsecase.REGRESSION, display=None, drift_kwargs=None)
2022-11-02 16:01:36,758:INFO:Checking exceptions
2022-11-02 16:01:36,758:INFO:Preloading libraries
2022-11-02 16:03:19,004:INFO:Initializing load_model()
2022-11-02 16:03:19,004:INFO:load_model(model_name=best_model, platform=None, authentication=None, verbose=True)
2022-11-02 16:03:19,084:INFO:Initializing predict_model()
2022-11-02 16:03:19,092:INFO:predict_model(estimator=Pipeline(steps=[('dtypes',
                 DataTypes_Auto_infer(ml_usecase='regression',
                                      numerical_features=['Temp', 'D.O. (mg/l)',
                                                          'PH',
                                                          'CONDUCTIVITY '
                                                          '(µmhos/cm)',
                                                          'NITRATENAN N+ '
                                                          'NITRITENANN (mg/l)',
                                                          'FECAL COLIFORM '
                                                          '(MPN/100ml)',
                                                          'TOTAL COLIFORM '
                                                          '(MPN/100ml)Mean'],
                                      target='B.O.D. (mg/l)')),
                ('imputer',
                 Simple_Imputer(categorical_strategy='not_available',
                                fill_value_categorical=...
                ('binn', 'passthrough'), ('rem_outliers', 'passthrough'),
                ('cluster_all', 'passthrough'),
                ('dummy', Dummify(target='B.O.D. (mg/l)')),
                ('fix_perfect', Remove_100(target='B.O.D. (mg/l)')),
                ('clean_names', Clean_Colum_Names()),
                ('feature_select', 'passthrough'), ('fix_multi', 'passthrough'),
                ('dfs', 'passthrough'), ('pca', 'passthrough'),
                ['trained_model', LassoLars(random_state=3769)]]), probability_threshold=None, encoded_labels=True, drift_report=False, raw_score=False, round=4, verbose=True, ml_usecase=MLUsecase.REGRESSION, display=None, drift_kwargs=None)
2022-11-02 16:03:19,092:INFO:Checking exceptions
2022-11-02 16:03:19,092:INFO:Preloading libraries
2022-11-02 16:03:46,107:INFO:Initializing load_model()
2022-11-02 16:03:46,107:INFO:load_model(model_name=best_model, platform=None, authentication=None, verbose=True)
2022-11-02 16:04:00,425:INFO:Initializing load_model()
2022-11-02 16:04:00,425:INFO:load_model(model_name=best_model, platform=None, authentication=None, verbose=True)
2022-11-02 16:04:00,505:INFO:Initializing predict_model()
2022-11-02 16:04:00,505:INFO:predict_model(estimator=Pipeline(steps=[('dtypes',
                 DataTypes_Auto_infer(ml_usecase='regression',
                                      numerical_features=['Temp', 'D.O. (mg/l)',
                                                          'PH',
                                                          'CONDUCTIVITY '
                                                          '(µmhos/cm)',
                                                          'NITRATENAN N+ '
                                                          'NITRITENANN (mg/l)',
                                                          'FECAL COLIFORM '
                                                          '(MPN/100ml)',
                                                          'TOTAL COLIFORM '
                                                          '(MPN/100ml)Mean'],
                                      target='B.O.D. (mg/l)')),
                ('imputer',
                 Simple_Imputer(categorical_strategy='not_available',
                                fill_value_categorical=...
                ('binn', 'passthrough'), ('rem_outliers', 'passthrough'),
                ('cluster_all', 'passthrough'),
                ('dummy', Dummify(target='B.O.D. (mg/l)')),
                ('fix_perfect', Remove_100(target='B.O.D. (mg/l)')),
                ('clean_names', Clean_Colum_Names()),
                ('feature_select', 'passthrough'), ('fix_multi', 'passthrough'),
                ('dfs', 'passthrough'), ('pca', 'passthrough'),
                ['trained_model', LassoLars(random_state=3769)]]), probability_threshold=None, encoded_labels=True, drift_report=False, raw_score=False, round=4, verbose=True, ml_usecase=MLUsecase.REGRESSION, display=None, drift_kwargs=None)
2022-11-02 16:04:00,505:INFO:Checking exceptions
2022-11-02 16:04:00,505:INFO:Preloading libraries
2022-11-02 16:04:11,746:INFO:Initializing load_model()
2022-11-02 16:04:11,746:INFO:load_model(model_name=best_model, platform=None, authentication=None, verbose=True)
2022-11-02 16:04:11,827:INFO:Initializing predict_model()
2022-11-02 16:04:11,828:INFO:predict_model(estimator=Pipeline(steps=[('dtypes',
                 DataTypes_Auto_infer(ml_usecase='regression',
                                      numerical_features=['Temp', 'D.O. (mg/l)',
                                                          'PH',
                                                          'CONDUCTIVITY '
                                                          '(µmhos/cm)',
                                                          'NITRATENAN N+ '
                                                          'NITRITENANN (mg/l)',
                                                          'FECAL COLIFORM '
                                                          '(MPN/100ml)',
                                                          'TOTAL COLIFORM '
                                                          '(MPN/100ml)Mean'],
                                      target='B.O.D. (mg/l)')),
                ('imputer',
                 Simple_Imputer(categorical_strategy='not_available',
                                fill_value_categorical=...
                ('binn', 'passthrough'), ('rem_outliers', 'passthrough'),
                ('cluster_all', 'passthrough'),
                ('dummy', Dummify(target='B.O.D. (mg/l)')),
                ('fix_perfect', Remove_100(target='B.O.D. (mg/l)')),
                ('clean_names', Clean_Colum_Names()),
                ('feature_select', 'passthrough'), ('fix_multi', 'passthrough'),
                ('dfs', 'passthrough'), ('pca', 'passthrough'),
                ['trained_model', LassoLars(random_state=3769)]]), probability_threshold=None, encoded_labels=True, drift_report=False, raw_score=False, round=4, verbose=True, ml_usecase=MLUsecase.REGRESSION, display=None, drift_kwargs=None)
2022-11-02 16:04:11,828:INFO:Checking exceptions
2022-11-02 16:04:11,828:INFO:Preloading libraries
2022-11-02 16:04:31,808:INFO:Initializing load_model()
2022-11-02 16:04:31,808:INFO:load_model(model_name=best_model, platform=None, authentication=None, verbose=True)
2022-11-02 16:04:31,877:INFO:Initializing predict_model()
2022-11-02 16:04:31,881:INFO:predict_model(estimator=Pipeline(steps=[('dtypes',
                 DataTypes_Auto_infer(ml_usecase='regression',
                                      numerical_features=['Temp', 'D.O. (mg/l)',
                                                          'PH',
                                                          'CONDUCTIVITY '
                                                          '(µmhos/cm)',
                                                          'NITRATENAN N+ '
                                                          'NITRITENANN (mg/l)',
                                                          'FECAL COLIFORM '
                                                          '(MPN/100ml)',
                                                          'TOTAL COLIFORM '
                                                          '(MPN/100ml)Mean'],
                                      target='B.O.D. (mg/l)')),
                ('imputer',
                 Simple_Imputer(categorical_strategy='not_available',
                                fill_value_categorical=...
                ('binn', 'passthrough'), ('rem_outliers', 'passthrough'),
                ('cluster_all', 'passthrough'),
                ('dummy', Dummify(target='B.O.D. (mg/l)')),
                ('fix_perfect', Remove_100(target='B.O.D. (mg/l)')),
                ('clean_names', Clean_Colum_Names()),
                ('feature_select', 'passthrough'), ('fix_multi', 'passthrough'),
                ('dfs', 'passthrough'), ('pca', 'passthrough'),
                ['trained_model', LassoLars(random_state=3769)]]), probability_threshold=None, encoded_labels=True, drift_report=False, raw_score=False, round=4, verbose=True, ml_usecase=MLUsecase.REGRESSION, display=None, drift_kwargs=None)
2022-11-02 16:04:31,881:INFO:Checking exceptions
2022-11-02 16:04:31,881:INFO:Preloading libraries
2022-11-02 16:05:18,886:INFO:Initializing load_model()
2022-11-02 16:05:18,886:INFO:load_model(model_name=best_model, platform=None, authentication=None, verbose=True)
2022-11-02 16:05:18,974:INFO:Initializing predict_model()
2022-11-02 16:05:18,974:INFO:predict_model(estimator=Pipeline(steps=[('dtypes',
                 DataTypes_Auto_infer(ml_usecase='regression',
                                      numerical_features=['Temp', 'D.O. (mg/l)',
                                                          'PH',
                                                          'CONDUCTIVITY '
                                                          '(µmhos/cm)',
                                                          'NITRATENAN N+ '
                                                          'NITRITENANN (mg/l)',
                                                          'FECAL COLIFORM '
                                                          '(MPN/100ml)',
                                                          'TOTAL COLIFORM '
                                                          '(MPN/100ml)Mean'],
                                      target='B.O.D. (mg/l)')),
                ('imputer',
                 Simple_Imputer(categorical_strategy='not_available',
                                fill_value_categorical=...
                ('binn', 'passthrough'), ('rem_outliers', 'passthrough'),
                ('cluster_all', 'passthrough'),
                ('dummy', Dummify(target='B.O.D. (mg/l)')),
                ('fix_perfect', Remove_100(target='B.O.D. (mg/l)')),
                ('clean_names', Clean_Colum_Names()),
                ('feature_select', 'passthrough'), ('fix_multi', 'passthrough'),
                ('dfs', 'passthrough'), ('pca', 'passthrough'),
                ['trained_model', LassoLars(random_state=3769)]]), probability_threshold=None, encoded_labels=True, drift_report=False, raw_score=False, round=4, verbose=True, ml_usecase=MLUsecase.REGRESSION, display=None, drift_kwargs=None)
2022-11-02 16:05:18,982:INFO:Checking exceptions
2022-11-02 16:05:18,982:INFO:Preloading libraries
2022-11-02 16:06:43,207:INFO:Initializing load_model()
2022-11-02 16:06:43,207:INFO:load_model(model_name=best_model, platform=None, authentication=None, verbose=True)
2022-11-02 16:06:43,285:INFO:Initializing predict_model()
2022-11-02 16:06:43,286:INFO:predict_model(estimator=Pipeline(steps=[('dtypes',
                 DataTypes_Auto_infer(ml_usecase='regression',
                                      numerical_features=['Temp', 'D.O. (mg/l)',
                                                          'PH',
                                                          'CONDUCTIVITY '
                                                          '(µmhos/cm)',
                                                          'NITRATENAN N+ '
                                                          'NITRITENANN (mg/l)',
                                                          'FECAL COLIFORM '
                                                          '(MPN/100ml)',
                                                          'TOTAL COLIFORM '
                                                          '(MPN/100ml)Mean'],
                                      target='B.O.D. (mg/l)')),
                ('imputer',
                 Simple_Imputer(categorical_strategy='not_available',
                                fill_value_categorical=...
                ('binn', 'passthrough'), ('rem_outliers', 'passthrough'),
                ('cluster_all', 'passthrough'),
                ('dummy', Dummify(target='B.O.D. (mg/l)')),
                ('fix_perfect', Remove_100(target='B.O.D. (mg/l)')),
                ('clean_names', Clean_Colum_Names()),
                ('feature_select', 'passthrough'), ('fix_multi', 'passthrough'),
                ('dfs', 'passthrough'), ('pca', 'passthrough'),
                ['trained_model', LassoLars(random_state=3769)]]), probability_threshold=None, encoded_labels=True, drift_report=False, raw_score=False, round=4, verbose=True, ml_usecase=MLUsecase.REGRESSION, display=None, drift_kwargs=None)
2022-11-02 16:06:43,286:INFO:Checking exceptions
2022-11-02 16:06:43,288:INFO:Preloading libraries
2022-11-02 16:06:47,866:INFO:Initializing load_model()
2022-11-02 16:06:47,866:INFO:load_model(model_name=best_model, platform=None, authentication=None, verbose=True)
2022-11-02 16:07:28,362:INFO:Initializing load_model()
2022-11-02 16:07:28,362:INFO:load_model(model_name=best_model, platform=None, authentication=None, verbose=True)
2022-11-02 16:07:28,434:INFO:Initializing predict_model()
2022-11-02 16:07:28,434:INFO:predict_model(estimator=Pipeline(steps=[('dtypes',
                 DataTypes_Auto_infer(ml_usecase='regression',
                                      numerical_features=['Temp', 'D.O. (mg/l)',
                                                          'PH',
                                                          'CONDUCTIVITY '
                                                          '(µmhos/cm)',
                                                          'NITRATENAN N+ '
                                                          'NITRITENANN (mg/l)',
                                                          'FECAL COLIFORM '
                                                          '(MPN/100ml)',
                                                          'TOTAL COLIFORM '
                                                          '(MPN/100ml)Mean'],
                                      target='B.O.D. (mg/l)')),
                ('imputer',
                 Simple_Imputer(categorical_strategy='not_available',
                                fill_value_categorical=...
                ('binn', 'passthrough'), ('rem_outliers', 'passthrough'),
                ('cluster_all', 'passthrough'),
                ('dummy', Dummify(target='B.O.D. (mg/l)')),
                ('fix_perfect', Remove_100(target='B.O.D. (mg/l)')),
                ('clean_names', Clean_Colum_Names()),
                ('feature_select', 'passthrough'), ('fix_multi', 'passthrough'),
                ('dfs', 'passthrough'), ('pca', 'passthrough'),
                ['trained_model', LassoLars(random_state=3769)]]), probability_threshold=None, encoded_labels=True, drift_report=False, raw_score=False, round=4, verbose=True, ml_usecase=MLUsecase.REGRESSION, display=None, drift_kwargs=None)
2022-11-02 16:07:28,434:INFO:Checking exceptions
2022-11-02 16:07:28,442:INFO:Preloading libraries
2022-11-02 16:08:18,182:INFO:Initializing load_model()
2022-11-02 16:08:18,183:INFO:load_model(model_name=best_model, platform=None, authentication=None, verbose=True)
2022-11-02 16:08:18,270:INFO:Initializing predict_model()
2022-11-02 16:08:18,273:INFO:predict_model(estimator=Pipeline(steps=[('dtypes',
                 DataTypes_Auto_infer(ml_usecase='regression',
                                      numerical_features=['Temp', 'D.O. (mg/l)',
                                                          'PH',
                                                          'CONDUCTIVITY '
                                                          '(µmhos/cm)',
                                                          'NITRATENAN N+ '
                                                          'NITRITENANN (mg/l)',
                                                          'FECAL COLIFORM '
                                                          '(MPN/100ml)',
                                                          'TOTAL COLIFORM '
                                                          '(MPN/100ml)Mean'],
                                      target='B.O.D. (mg/l)')),
                ('imputer',
                 Simple_Imputer(categorical_strategy='not_available',
                                fill_value_categorical=...
                ('binn', 'passthrough'), ('rem_outliers', 'passthrough'),
                ('cluster_all', 'passthrough'),
                ('dummy', Dummify(target='B.O.D. (mg/l)')),
                ('fix_perfect', Remove_100(target='B.O.D. (mg/l)')),
                ('clean_names', Clean_Colum_Names()),
                ('feature_select', 'passthrough'), ('fix_multi', 'passthrough'),
                ('dfs', 'passthrough'), ('pca', 'passthrough'),
                ['trained_model', LassoLars(random_state=3769)]]), probability_threshold=None, encoded_labels=True, drift_report=False, raw_score=False, round=4, verbose=True, ml_usecase=MLUsecase.REGRESSION, display=None, drift_kwargs=None)
2022-11-02 16:08:18,273:INFO:Checking exceptions
2022-11-02 16:08:18,273:INFO:Preloading libraries
2022-11-02 16:08:28,008:INFO:Initializing load_model()
2022-11-02 16:08:28,008:INFO:load_model(model_name=best_model, platform=None, authentication=None, verbose=True)
2022-11-02 16:08:28,072:INFO:Initializing predict_model()
2022-11-02 16:08:28,072:INFO:predict_model(estimator=Pipeline(steps=[('dtypes',
                 DataTypes_Auto_infer(ml_usecase='regression',
                                      numerical_features=['Temp', 'D.O. (mg/l)',
                                                          'PH',
                                                          'CONDUCTIVITY '
                                                          '(µmhos/cm)',
                                                          'NITRATENAN N+ '
                                                          'NITRITENANN (mg/l)',
                                                          'FECAL COLIFORM '
                                                          '(MPN/100ml)',
                                                          'TOTAL COLIFORM '
                                                          '(MPN/100ml)Mean'],
                                      target='B.O.D. (mg/l)')),
                ('imputer',
                 Simple_Imputer(categorical_strategy='not_available',
                                fill_value_categorical=...
                ('binn', 'passthrough'), ('rem_outliers', 'passthrough'),
                ('cluster_all', 'passthrough'),
                ('dummy', Dummify(target='B.O.D. (mg/l)')),
                ('fix_perfect', Remove_100(target='B.O.D. (mg/l)')),
                ('clean_names', Clean_Colum_Names()),
                ('feature_select', 'passthrough'), ('fix_multi', 'passthrough'),
                ('dfs', 'passthrough'), ('pca', 'passthrough'),
                ['trained_model', LassoLars(random_state=3769)]]), probability_threshold=None, encoded_labels=True, drift_report=False, raw_score=False, round=4, verbose=True, ml_usecase=MLUsecase.REGRESSION, display=None, drift_kwargs=None)
2022-11-02 16:08:28,072:INFO:Checking exceptions
2022-11-02 16:08:28,072:INFO:Preloading libraries
2022-11-02 16:09:35,412:INFO:Initializing load_model()
2022-11-02 16:09:35,412:INFO:load_model(model_name=best_model, platform=None, authentication=None, verbose=True)
2022-11-02 16:09:52,481:INFO:Initializing load_model()
2022-11-02 16:09:52,481:INFO:load_model(model_name=best_model, platform=None, authentication=None, verbose=True)
2022-11-02 16:09:52,617:INFO:Initializing predict_model()
2022-11-02 16:09:52,617:INFO:predict_model(estimator=Pipeline(steps=[('dtypes',
                 DataTypes_Auto_infer(ml_usecase='regression',
                                      numerical_features=['Temp', 'D.O. (mg/l)',
                                                          'PH',
                                                          'CONDUCTIVITY '
                                                          '(µmhos/cm)',
                                                          'NITRATENAN N+ '
                                                          'NITRITENANN (mg/l)',
                                                          'FECAL COLIFORM '
                                                          '(MPN/100ml)',
                                                          'TOTAL COLIFORM '
                                                          '(MPN/100ml)Mean'],
                                      target='B.O.D. (mg/l)')),
                ('imputer',
                 Simple_Imputer(categorical_strategy='not_available',
                                fill_value_categorical=...
                ('binn', 'passthrough'), ('rem_outliers', 'passthrough'),
                ('cluster_all', 'passthrough'),
                ('dummy', Dummify(target='B.O.D. (mg/l)')),
                ('fix_perfect', Remove_100(target='B.O.D. (mg/l)')),
                ('clean_names', Clean_Colum_Names()),
                ('feature_select', 'passthrough'), ('fix_multi', 'passthrough'),
                ('dfs', 'passthrough'), ('pca', 'passthrough'),
                ['trained_model', LassoLars(random_state=3769)]]), probability_threshold=None, encoded_labels=True, drift_report=False, raw_score=False, round=4, verbose=True, ml_usecase=MLUsecase.REGRESSION, display=None, drift_kwargs=None)
2022-11-02 16:09:52,617:INFO:Checking exceptions
2022-11-02 16:09:52,621:INFO:Preloading libraries
2022-11-02 16:14:20,266:INFO:Initializing load_model()
2022-11-02 16:14:20,272:INFO:load_model(model_name=best_model, platform=None, authentication=None, verbose=True)
2022-11-02 16:14:28,268:INFO:Initializing load_model()
2022-11-02 16:14:28,268:INFO:load_model(model_name=best_model, platform=None, authentication=None, verbose=True)
2022-11-02 16:14:28,341:INFO:Initializing predict_model()
2022-11-02 16:14:28,341:INFO:predict_model(estimator=Pipeline(steps=[('dtypes',
                 DataTypes_Auto_infer(ml_usecase='regression',
                                      numerical_features=['Temp', 'D.O. (mg/l)',
                                                          'PH',
                                                          'CONDUCTIVITY '
                                                          '(µmhos/cm)',
                                                          'NITRATENAN N+ '
                                                          'NITRITENANN (mg/l)',
                                                          'FECAL COLIFORM '
                                                          '(MPN/100ml)',
                                                          'TOTAL COLIFORM '
                                                          '(MPN/100ml)Mean'],
                                      target='B.O.D. (mg/l)')),
                ('imputer',
                 Simple_Imputer(categorical_strategy='not_available',
                                fill_value_categorical=...
                ('binn', 'passthrough'), ('rem_outliers', 'passthrough'),
                ('cluster_all', 'passthrough'),
                ('dummy', Dummify(target='B.O.D. (mg/l)')),
                ('fix_perfect', Remove_100(target='B.O.D. (mg/l)')),
                ('clean_names', Clean_Colum_Names()),
                ('feature_select', 'passthrough'), ('fix_multi', 'passthrough'),
                ('dfs', 'passthrough'), ('pca', 'passthrough'),
                ['trained_model', LassoLars(random_state=3769)]]), probability_threshold=None, encoded_labels=True, drift_report=False, raw_score=False, round=4, verbose=True, ml_usecase=MLUsecase.REGRESSION, display=None, drift_kwargs=None)
2022-11-02 16:14:28,341:INFO:Checking exceptions
2022-11-02 16:14:28,341:INFO:Preloading libraries
2022-11-02 16:15:54,186:INFO:Initializing load_model()
2022-11-02 16:15:54,186:INFO:load_model(model_name=best_model, platform=None, authentication=None, verbose=True)
2022-11-02 16:15:54,266:INFO:Initializing predict_model()
2022-11-02 16:15:54,292:INFO:predict_model(estimator=Pipeline(steps=[('dtypes',
                 DataTypes_Auto_infer(ml_usecase='regression',
                                      numerical_features=['Temp', 'D.O. (mg/l)',
                                                          'PH',
                                                          'CONDUCTIVITY '
                                                          '(µmhos/cm)',
                                                          'NITRATENAN N+ '
                                                          'NITRITENANN (mg/l)',
                                                          'FECAL COLIFORM '
                                                          '(MPN/100ml)',
                                                          'TOTAL COLIFORM '
                                                          '(MPN/100ml)Mean'],
                                      target='B.O.D. (mg/l)')),
                ('imputer',
                 Simple_Imputer(categorical_strategy='not_available',
                                fill_value_categorical=...
                ('binn', 'passthrough'), ('rem_outliers', 'passthrough'),
                ('cluster_all', 'passthrough'),
                ('dummy', Dummify(target='B.O.D. (mg/l)')),
                ('fix_perfect', Remove_100(target='B.O.D. (mg/l)')),
                ('clean_names', Clean_Colum_Names()),
                ('feature_select', 'passthrough'), ('fix_multi', 'passthrough'),
                ('dfs', 'passthrough'), ('pca', 'passthrough'),
                ['trained_model', LassoLars(random_state=3769)]]), probability_threshold=None, encoded_labels=True, drift_report=False, raw_score=False, round=4, verbose=True, ml_usecase=MLUsecase.REGRESSION, display=None, drift_kwargs=None)
2022-11-02 16:15:54,292:INFO:Checking exceptions
2022-11-02 16:15:54,292:INFO:Preloading libraries
2022-11-02 16:19:16,407:INFO:Initializing load_model()
2022-11-02 16:19:16,407:INFO:load_model(model_name=best_model, platform=None, authentication=None, verbose=True)
2022-11-02 16:19:16,480:INFO:Initializing predict_model()
2022-11-02 16:19:16,481:INFO:predict_model(estimator=Pipeline(steps=[('dtypes',
                 DataTypes_Auto_infer(ml_usecase='regression',
                                      numerical_features=['Temp', 'D.O. (mg/l)',
                                                          'PH',
                                                          'CONDUCTIVITY '
                                                          '(µmhos/cm)',
                                                          'NITRATENAN N+ '
                                                          'NITRITENANN (mg/l)',
                                                          'FECAL COLIFORM '
                                                          '(MPN/100ml)',
                                                          'TOTAL COLIFORM '
                                                          '(MPN/100ml)Mean'],
                                      target='B.O.D. (mg/l)')),
                ('imputer',
                 Simple_Imputer(categorical_strategy='not_available',
                                fill_value_categorical=...
                ('binn', 'passthrough'), ('rem_outliers', 'passthrough'),
                ('cluster_all', 'passthrough'),
                ('dummy', Dummify(target='B.O.D. (mg/l)')),
                ('fix_perfect', Remove_100(target='B.O.D. (mg/l)')),
                ('clean_names', Clean_Colum_Names()),
                ('feature_select', 'passthrough'), ('fix_multi', 'passthrough'),
                ('dfs', 'passthrough'), ('pca', 'passthrough'),
                ['trained_model', LassoLars(random_state=3769)]]), probability_threshold=None, encoded_labels=True, drift_report=False, raw_score=False, round=4, verbose=True, ml_usecase=MLUsecase.REGRESSION, display=None, drift_kwargs=None)
2022-11-02 16:19:16,482:INFO:Checking exceptions
2022-11-02 16:19:16,483:INFO:Preloading libraries
2022-11-02 16:22:28,524:INFO:Initializing load_model()
2022-11-02 16:22:28,524:INFO:load_model(model_name=best_model, platform=None, authentication=None, verbose=True)
2022-11-02 16:22:38,758:INFO:Initializing load_model()
2022-11-02 16:22:38,758:INFO:load_model(model_name=best_model, platform=None, authentication=None, verbose=True)
2022-11-02 16:22:38,860:INFO:Initializing predict_model()
2022-11-02 16:22:38,860:INFO:predict_model(estimator=Pipeline(steps=[('dtypes',
                 DataTypes_Auto_infer(ml_usecase='regression',
                                      numerical_features=['Temp', 'D.O. (mg/l)',
                                                          'PH',
                                                          'CONDUCTIVITY '
                                                          '(µmhos/cm)',
                                                          'NITRATENAN N+ '
                                                          'NITRITENANN (mg/l)',
                                                          'FECAL COLIFORM '
                                                          '(MPN/100ml)',
                                                          'TOTAL COLIFORM '
                                                          '(MPN/100ml)Mean'],
                                      target='B.O.D. (mg/l)')),
                ('imputer',
                 Simple_Imputer(categorical_strategy='not_available',
                                fill_value_categorical=...
                ('binn', 'passthrough'), ('rem_outliers', 'passthrough'),
                ('cluster_all', 'passthrough'),
                ('dummy', Dummify(target='B.O.D. (mg/l)')),
                ('fix_perfect', Remove_100(target='B.O.D. (mg/l)')),
                ('clean_names', Clean_Colum_Names()),
                ('feature_select', 'passthrough'), ('fix_multi', 'passthrough'),
                ('dfs', 'passthrough'), ('pca', 'passthrough'),
                ['trained_model', LassoLars(random_state=3769)]]), probability_threshold=None, encoded_labels=True, drift_report=False, raw_score=False, round=4, verbose=True, ml_usecase=MLUsecase.REGRESSION, display=None, drift_kwargs=None)
2022-11-02 16:22:38,860:INFO:Checking exceptions
2022-11-02 16:22:38,860:INFO:Preloading libraries
2022-11-02 16:22:59,015:INFO:Initializing load_model()
2022-11-02 16:22:59,015:INFO:load_model(model_name=best_model, platform=None, authentication=None, verbose=True)
2022-11-02 16:22:59,094:INFO:Initializing predict_model()
2022-11-02 16:22:59,102:INFO:predict_model(estimator=Pipeline(steps=[('dtypes',
                 DataTypes_Auto_infer(ml_usecase='regression',
                                      numerical_features=['Temp', 'D.O. (mg/l)',
                                                          'PH',
                                                          'CONDUCTIVITY '
                                                          '(µmhos/cm)',
                                                          'NITRATENAN N+ '
                                                          'NITRITENANN (mg/l)',
                                                          'FECAL COLIFORM '
                                                          '(MPN/100ml)',
                                                          'TOTAL COLIFORM '
                                                          '(MPN/100ml)Mean'],
                                      target='B.O.D. (mg/l)')),
                ('imputer',
                 Simple_Imputer(categorical_strategy='not_available',
                                fill_value_categorical=...
                ('binn', 'passthrough'), ('rem_outliers', 'passthrough'),
                ('cluster_all', 'passthrough'),
                ('dummy', Dummify(target='B.O.D. (mg/l)')),
                ('fix_perfect', Remove_100(target='B.O.D. (mg/l)')),
                ('clean_names', Clean_Colum_Names()),
                ('feature_select', 'passthrough'), ('fix_multi', 'passthrough'),
                ('dfs', 'passthrough'), ('pca', 'passthrough'),
                ['trained_model', LassoLars(random_state=3769)]]), probability_threshold=None, encoded_labels=True, drift_report=False, raw_score=False, round=4, verbose=True, ml_usecase=MLUsecase.REGRESSION, display=None, drift_kwargs=None)
2022-11-02 16:22:59,102:INFO:Checking exceptions
2022-11-02 16:22:59,110:INFO:Preloading libraries
2022-11-02 16:27:57,182:INFO:Initializing load_model()
2022-11-02 16:27:57,182:INFO:load_model(model_name=best_model, platform=None, authentication=None, verbose=True)
2022-11-02 16:27:57,261:INFO:Initializing predict_model()
2022-11-02 16:27:57,269:INFO:predict_model(estimator=Pipeline(steps=[('dtypes',
                 DataTypes_Auto_infer(ml_usecase='regression',
                                      numerical_features=['Temp', 'D.O. (mg/l)',
                                                          'PH',
                                                          'CONDUCTIVITY '
                                                          '(µmhos/cm)',
                                                          'NITRATENAN N+ '
                                                          'NITRITENANN (mg/l)',
                                                          'FECAL COLIFORM '
                                                          '(MPN/100ml)',
                                                          'TOTAL COLIFORM '
                                                          '(MPN/100ml)Mean'],
                                      target='B.O.D. (mg/l)')),
                ('imputer',
                 Simple_Imputer(categorical_strategy='not_available',
                                fill_value_categorical=...
                ('binn', 'passthrough'), ('rem_outliers', 'passthrough'),
                ('cluster_all', 'passthrough'),
                ('dummy', Dummify(target='B.O.D. (mg/l)')),
                ('fix_perfect', Remove_100(target='B.O.D. (mg/l)')),
                ('clean_names', Clean_Colum_Names()),
                ('feature_select', 'passthrough'), ('fix_multi', 'passthrough'),
                ('dfs', 'passthrough'), ('pca', 'passthrough'),
                ['trained_model', LassoLars(random_state=3769)]]), probability_threshold=None, encoded_labels=True, drift_report=False, raw_score=False, round=4, verbose=True, ml_usecase=MLUsecase.REGRESSION, display=None, drift_kwargs=None)
2022-11-02 16:27:57,274:INFO:Checking exceptions
2022-11-02 16:27:57,277:INFO:Preloading libraries
2022-11-02 16:30:02,266:INFO:Initializing load_model()
2022-11-02 16:30:02,266:INFO:load_model(model_name=best_model, platform=None, authentication=None, verbose=True)
2022-11-02 16:30:02,339:INFO:Initializing predict_model()
2022-11-02 16:30:02,347:INFO:predict_model(estimator=Pipeline(steps=[('dtypes',
                 DataTypes_Auto_infer(ml_usecase='regression',
                                      numerical_features=['Temp', 'D.O. (mg/l)',
                                                          'PH',
                                                          'CONDUCTIVITY '
                                                          '(µmhos/cm)',
                                                          'NITRATENAN N+ '
                                                          'NITRITENANN (mg/l)',
                                                          'FECAL COLIFORM '
                                                          '(MPN/100ml)',
                                                          'TOTAL COLIFORM '
                                                          '(MPN/100ml)Mean'],
                                      target='B.O.D. (mg/l)')),
                ('imputer',
                 Simple_Imputer(categorical_strategy='not_available',
                                fill_value_categorical=...
                ('binn', 'passthrough'), ('rem_outliers', 'passthrough'),
                ('cluster_all', 'passthrough'),
                ('dummy', Dummify(target='B.O.D. (mg/l)')),
                ('fix_perfect', Remove_100(target='B.O.D. (mg/l)')),
                ('clean_names', Clean_Colum_Names()),
                ('feature_select', 'passthrough'), ('fix_multi', 'passthrough'),
                ('dfs', 'passthrough'), ('pca', 'passthrough'),
                ['trained_model', LassoLars(random_state=3769)]]), probability_threshold=None, encoded_labels=True, drift_report=False, raw_score=False, round=4, verbose=True, ml_usecase=MLUsecase.REGRESSION, display=None, drift_kwargs=None)
2022-11-02 16:30:02,347:INFO:Checking exceptions
2022-11-02 16:30:02,347:INFO:Preloading libraries
2022-11-02 16:30:13,531:INFO:Initializing load_model()
2022-11-02 16:30:13,531:INFO:load_model(model_name=best_model, platform=None, authentication=None, verbose=True)
2022-11-02 16:30:13,601:INFO:Initializing predict_model()
2022-11-02 16:30:13,601:INFO:predict_model(estimator=Pipeline(steps=[('dtypes',
                 DataTypes_Auto_infer(ml_usecase='regression',
                                      numerical_features=['Temp', 'D.O. (mg/l)',
                                                          'PH',
                                                          'CONDUCTIVITY '
                                                          '(µmhos/cm)',
                                                          'NITRATENAN N+ '
                                                          'NITRITENANN (mg/l)',
                                                          'FECAL COLIFORM '
                                                          '(MPN/100ml)',
                                                          'TOTAL COLIFORM '
                                                          '(MPN/100ml)Mean'],
                                      target='B.O.D. (mg/l)')),
                ('imputer',
                 Simple_Imputer(categorical_strategy='not_available',
                                fill_value_categorical=...
                ('binn', 'passthrough'), ('rem_outliers', 'passthrough'),
                ('cluster_all', 'passthrough'),
                ('dummy', Dummify(target='B.O.D. (mg/l)')),
                ('fix_perfect', Remove_100(target='B.O.D. (mg/l)')),
                ('clean_names', Clean_Colum_Names()),
                ('feature_select', 'passthrough'), ('fix_multi', 'passthrough'),
                ('dfs', 'passthrough'), ('pca', 'passthrough'),
                ['trained_model', LassoLars(random_state=3769)]]), probability_threshold=None, encoded_labels=True, drift_report=False, raw_score=False, round=4, verbose=True, ml_usecase=MLUsecase.REGRESSION, display=None, drift_kwargs=None)
2022-11-02 16:30:13,609:INFO:Checking exceptions
2022-11-02 16:30:13,609:INFO:Preloading libraries
2022-11-02 16:31:31,264:INFO:Initializing load_model()
2022-11-02 16:31:31,266:INFO:load_model(model_name=best_model, platform=None, authentication=None, verbose=True)
2022-11-02 16:31:31,335:INFO:Initializing predict_model()
2022-11-02 16:31:31,336:INFO:predict_model(estimator=Pipeline(steps=[('dtypes',
                 DataTypes_Auto_infer(ml_usecase='regression',
                                      numerical_features=['Temp', 'D.O. (mg/l)',
                                                          'PH',
                                                          'CONDUCTIVITY '
                                                          '(µmhos/cm)',
                                                          'NITRATENAN N+ '
                                                          'NITRITENANN (mg/l)',
                                                          'FECAL COLIFORM '
                                                          '(MPN/100ml)',
                                                          'TOTAL COLIFORM '
                                                          '(MPN/100ml)Mean'],
                                      target='B.O.D. (mg/l)')),
                ('imputer',
                 Simple_Imputer(categorical_strategy='not_available',
                                fill_value_categorical=...
                ('binn', 'passthrough'), ('rem_outliers', 'passthrough'),
                ('cluster_all', 'passthrough'),
                ('dummy', Dummify(target='B.O.D. (mg/l)')),
                ('fix_perfect', Remove_100(target='B.O.D. (mg/l)')),
                ('clean_names', Clean_Colum_Names()),
                ('feature_select', 'passthrough'), ('fix_multi', 'passthrough'),
                ('dfs', 'passthrough'), ('pca', 'passthrough'),
                ['trained_model', LassoLars(random_state=3769)]]), probability_threshold=None, encoded_labels=True, drift_report=False, raw_score=False, round=4, verbose=True, ml_usecase=MLUsecase.REGRESSION, display=None, drift_kwargs=None)
2022-11-02 16:31:31,339:INFO:Checking exceptions
2022-11-02 16:31:31,341:INFO:Preloading libraries
2022-11-02 16:31:42,880:INFO:Initializing load_model()
2022-11-02 16:31:42,880:INFO:load_model(model_name=best_model, platform=None, authentication=None, verbose=True)
2022-11-02 16:31:42,944:INFO:Initializing predict_model()
2022-11-02 16:31:42,944:INFO:predict_model(estimator=Pipeline(steps=[('dtypes',
                 DataTypes_Auto_infer(ml_usecase='regression',
                                      numerical_features=['Temp', 'D.O. (mg/l)',
                                                          'PH',
                                                          'CONDUCTIVITY '
                                                          '(µmhos/cm)',
                                                          'NITRATENAN N+ '
                                                          'NITRITENANN (mg/l)',
                                                          'FECAL COLIFORM '
                                                          '(MPN/100ml)',
                                                          'TOTAL COLIFORM '
                                                          '(MPN/100ml)Mean'],
                                      target='B.O.D. (mg/l)')),
                ('imputer',
                 Simple_Imputer(categorical_strategy='not_available',
                                fill_value_categorical=...
                ('binn', 'passthrough'), ('rem_outliers', 'passthrough'),
                ('cluster_all', 'passthrough'),
                ('dummy', Dummify(target='B.O.D. (mg/l)')),
                ('fix_perfect', Remove_100(target='B.O.D. (mg/l)')),
                ('clean_names', Clean_Colum_Names()),
                ('feature_select', 'passthrough'), ('fix_multi', 'passthrough'),
                ('dfs', 'passthrough'), ('pca', 'passthrough'),
                ['trained_model', LassoLars(random_state=3769)]]), probability_threshold=None, encoded_labels=True, drift_report=False, raw_score=False, round=4, verbose=True, ml_usecase=MLUsecase.REGRESSION, display=None, drift_kwargs=None)
2022-11-02 16:31:42,952:INFO:Checking exceptions
2022-11-02 16:31:42,952:INFO:Preloading libraries
2022-11-02 16:34:33,554:INFO:Initializing load_model()
2022-11-02 16:34:33,554:INFO:load_model(model_name=best_model, platform=None, authentication=None, verbose=True)
2022-11-02 16:36:04,399:INFO:Initializing load_model()
2022-11-02 16:36:04,399:INFO:load_model(model_name=best_model, platform=None, authentication=None, verbose=True)
2022-11-02 16:36:04,502:INFO:Initializing predict_model()
2022-11-02 16:36:04,502:INFO:predict_model(estimator=Pipeline(steps=[('dtypes',
                 DataTypes_Auto_infer(ml_usecase='regression',
                                      numerical_features=['Temp', 'D.O. (mg/l)',
                                                          'PH',
                                                          'CONDUCTIVITY '
                                                          '(µmhos/cm)',
                                                          'NITRATENAN N+ '
                                                          'NITRITENANN (mg/l)',
                                                          'FECAL COLIFORM '
                                                          '(MPN/100ml)',
                                                          'TOTAL COLIFORM '
                                                          '(MPN/100ml)Mean'],
                                      target='B.O.D. (mg/l)')),
                ('imputer',
                 Simple_Imputer(categorical_strategy='not_available',
                                fill_value_categorical=...
                ('binn', 'passthrough'), ('rem_outliers', 'passthrough'),
                ('cluster_all', 'passthrough'),
                ('dummy', Dummify(target='B.O.D. (mg/l)')),
                ('fix_perfect', Remove_100(target='B.O.D. (mg/l)')),
                ('clean_names', Clean_Colum_Names()),
                ('feature_select', 'passthrough'), ('fix_multi', 'passthrough'),
                ('dfs', 'passthrough'), ('pca', 'passthrough'),
                ['trained_model', LassoLars(random_state=3769)]]), probability_threshold=None, encoded_labels=True, drift_report=False, raw_score=False, round=4, verbose=True, ml_usecase=MLUsecase.REGRESSION, display=None, drift_kwargs=None)
2022-11-02 16:36:04,510:INFO:Checking exceptions
2022-11-02 16:36:04,510:INFO:Preloading libraries
2022-11-02 16:42:39,392:INFO:Initializing load_model()
2022-11-02 16:42:39,393:INFO:load_model(model_name=rfr_model, platform=None, authentication=None, verbose=True)
2022-11-02 16:43:16,348:INFO:Initializing load_model()
2022-11-02 16:43:16,348:INFO:load_model(model_name=rfr_model, platform=None, authentication=None, verbose=True)
2022-11-02 16:43:16,508:INFO:Initializing predict_model()
2022-11-02 16:43:16,508:INFO:predict_model(estimator=Pipeline(steps=[('dtypes',
                 DataTypes_Auto_infer(ml_usecase='regression',
                                      numerical_features=['Temp', 'D.O. (mg/l)',
                                                          'PH',
                                                          'CONDUCTIVITY '
                                                          '(µmhos/cm)',
                                                          'NITRATENAN N+ '
                                                          'NITRITENANN (mg/l)',
                                                          'FECAL COLIFORM '
                                                          '(MPN/100ml)',
                                                          'TOTAL COLIFORM '
                                                          '(MPN/100ml)Mean'],
                                      target='B.O.D. (mg/l)')),
                ('imputer',
                 Simple_Imputer(categorical_strategy='not_available',
                                fill_value_categorical=...
                ('binn', 'passthrough'), ('rem_outliers', 'passthrough'),
                ('cluster_all', 'passthrough'),
                ('dummy', Dummify(target='B.O.D. (mg/l)')),
                ('fix_perfect', Remove_100(target='B.O.D. (mg/l)')),
                ('clean_names', Clean_Colum_Names()),
                ('feature_select', 'passthrough'), ('fix_multi', 'passthrough'),
                ('dfs', 'passthrough'), ('pca', 'passthrough'),
                ['trained_model',
                 RandomForestRegressor(n_jobs=-1, random_state=3443)]]), probability_threshold=None, encoded_labels=True, drift_report=False, raw_score=False, round=4, verbose=True, ml_usecase=MLUsecase.REGRESSION, display=None, drift_kwargs=None)
2022-11-02 16:43:16,508:INFO:Checking exceptions
2022-11-02 16:43:16,508:INFO:Preloading libraries
2022-11-02 16:43:34,212:INFO:Initializing load_model()
2022-11-02 16:43:34,212:INFO:load_model(model_name=rfr_model, platform=None, authentication=None, verbose=True)
2022-11-02 16:43:34,348:INFO:Initializing predict_model()
2022-11-02 16:43:34,348:INFO:predict_model(estimator=Pipeline(steps=[('dtypes',
                 DataTypes_Auto_infer(ml_usecase='regression',
                                      numerical_features=['Temp', 'D.O. (mg/l)',
                                                          'PH',
                                                          'CONDUCTIVITY '
                                                          '(µmhos/cm)',
                                                          'NITRATENAN N+ '
                                                          'NITRITENANN (mg/l)',
                                                          'FECAL COLIFORM '
                                                          '(MPN/100ml)',
                                                          'TOTAL COLIFORM '
                                                          '(MPN/100ml)Mean'],
                                      target='B.O.D. (mg/l)')),
                ('imputer',
                 Simple_Imputer(categorical_strategy='not_available',
                                fill_value_categorical=...
                ('binn', 'passthrough'), ('rem_outliers', 'passthrough'),
                ('cluster_all', 'passthrough'),
                ('dummy', Dummify(target='B.O.D. (mg/l)')),
                ('fix_perfect', Remove_100(target='B.O.D. (mg/l)')),
                ('clean_names', Clean_Colum_Names()),
                ('feature_select', 'passthrough'), ('fix_multi', 'passthrough'),
                ('dfs', 'passthrough'), ('pca', 'passthrough'),
                ['trained_model',
                 RandomForestRegressor(n_jobs=-1, random_state=3443)]]), probability_threshold=None, encoded_labels=True, drift_report=False, raw_score=False, round=4, verbose=True, ml_usecase=MLUsecase.REGRESSION, display=None, drift_kwargs=None)
2022-11-02 16:43:34,348:INFO:Checking exceptions
2022-11-02 16:43:34,348:INFO:Preloading libraries
2022-11-02 16:44:35,111:INFO:Initializing load_model()
2022-11-02 16:44:35,111:INFO:load_model(model_name=rfr_model, platform=None, authentication=None, verbose=True)
2022-11-02 16:46:37,580:INFO:Initializing load_model()
2022-11-02 16:46:37,580:INFO:load_model(model_name=rfr_model, platform=None, authentication=None, verbose=True)
2022-11-02 16:51:53,647:INFO:Initializing load_model()
2022-11-02 16:51:53,654:INFO:load_model(model_name=rfr_model, platform=None, authentication=None, verbose=True)
2022-11-02 16:51:53,854:INFO:Initializing predict_model()
2022-11-02 16:51:53,854:INFO:predict_model(estimator=Pipeline(steps=[('dtypes',
                 DataTypes_Auto_infer(ml_usecase='regression',
                                      numerical_features=['Temp', 'D.O. (mg/l)',
                                                          'PH',
                                                          'CONDUCTIVITY '
                                                          '(µmhos/cm)',
                                                          'NITRATENAN N+ '
                                                          'NITRITENANN (mg/l)',
                                                          'FECAL COLIFORM '
                                                          '(MPN/100ml)',
                                                          'TOTAL COLIFORM '
                                                          '(MPN/100ml)Mean'],
                                      target='B.O.D. (mg/l)')),
                ('imputer',
                 Simple_Imputer(categorical_strategy='not_available',
                                fill_value_categorical=...
                ('binn', 'passthrough'), ('rem_outliers', 'passthrough'),
                ('cluster_all', 'passthrough'),
                ('dummy', Dummify(target='B.O.D. (mg/l)')),
                ('fix_perfect', Remove_100(target='B.O.D. (mg/l)')),
                ('clean_names', Clean_Colum_Names()),
                ('feature_select', 'passthrough'), ('fix_multi', 'passthrough'),
                ('dfs', 'passthrough'), ('pca', 'passthrough'),
                ['trained_model',
                 RandomForestRegressor(n_jobs=-1, random_state=3443)]]), probability_threshold=None, encoded_labels=True, drift_report=False, raw_score=False, round=4, verbose=True, ml_usecase=MLUsecase.REGRESSION, display=None, drift_kwargs=None)
2022-11-02 16:51:53,854:INFO:Checking exceptions
2022-11-02 16:51:53,854:INFO:Preloading libraries
2022-11-02 17:04:46,093:INFO:Initializing load_model()
2022-11-02 17:04:46,093:INFO:load_model(model_name=rfr_model, platform=None, authentication=None, verbose=True)
2022-11-02 17:04:54,921:INFO:Initializing load_model()
2022-11-02 17:04:54,921:INFO:load_model(model_name=rfr_model, platform=None, authentication=None, verbose=True)
2022-11-02 17:04:55,058:INFO:Initializing predict_model()
2022-11-02 17:04:55,058:INFO:predict_model(estimator=Pipeline(steps=[('dtypes',
                 DataTypes_Auto_infer(ml_usecase='regression',
                                      numerical_features=['Temp', 'D.O. (mg/l)',
                                                          'PH',
                                                          'CONDUCTIVITY '
                                                          '(µmhos/cm)',
                                                          'NITRATENAN N+ '
                                                          'NITRITENANN (mg/l)',
                                                          'FECAL COLIFORM '
                                                          '(MPN/100ml)',
                                                          'TOTAL COLIFORM '
                                                          '(MPN/100ml)Mean'],
                                      target='B.O.D. (mg/l)')),
                ('imputer',
                 Simple_Imputer(categorical_strategy='not_available',
                                fill_value_categorical=...
                ('binn', 'passthrough'), ('rem_outliers', 'passthrough'),
                ('cluster_all', 'passthrough'),
                ('dummy', Dummify(target='B.O.D. (mg/l)')),
                ('fix_perfect', Remove_100(target='B.O.D. (mg/l)')),
                ('clean_names', Clean_Colum_Names()),
                ('feature_select', 'passthrough'), ('fix_multi', 'passthrough'),
                ('dfs', 'passthrough'), ('pca', 'passthrough'),
                ['trained_model',
                 RandomForestRegressor(n_jobs=-1, random_state=3443)]]), probability_threshold=None, encoded_labels=True, drift_report=False, raw_score=False, round=4, verbose=True, ml_usecase=MLUsecase.REGRESSION, display=None, drift_kwargs=None)
2022-11-02 17:04:55,066:INFO:Checking exceptions
2022-11-02 17:04:55,066:INFO:Preloading libraries
2022-11-02 17:06:15,147:INFO:Initializing load_model()
2022-11-02 17:06:15,147:INFO:load_model(model_name=rfr_model, platform=None, authentication=None, verbose=True)
2022-11-02 17:06:22,226:INFO:Initializing load_model()
2022-11-02 17:06:22,226:INFO:load_model(model_name=rfr_model, platform=None, authentication=None, verbose=True)
2022-11-02 17:06:22,363:INFO:Initializing predict_model()
2022-11-02 17:06:22,372:INFO:predict_model(estimator=Pipeline(steps=[('dtypes',
                 DataTypes_Auto_infer(ml_usecase='regression',
                                      numerical_features=['Temp', 'D.O. (mg/l)',
                                                          'PH',
                                                          'CONDUCTIVITY '
                                                          '(µmhos/cm)',
                                                          'NITRATENAN N+ '
                                                          'NITRITENANN (mg/l)',
                                                          'FECAL COLIFORM '
                                                          '(MPN/100ml)',
                                                          'TOTAL COLIFORM '
                                                          '(MPN/100ml)Mean'],
                                      target='B.O.D. (mg/l)')),
                ('imputer',
                 Simple_Imputer(categorical_strategy='not_available',
                                fill_value_categorical=...
                ('binn', 'passthrough'), ('rem_outliers', 'passthrough'),
                ('cluster_all', 'passthrough'),
                ('dummy', Dummify(target='B.O.D. (mg/l)')),
                ('fix_perfect', Remove_100(target='B.O.D. (mg/l)')),
                ('clean_names', Clean_Colum_Names()),
                ('feature_select', 'passthrough'), ('fix_multi', 'passthrough'),
                ('dfs', 'passthrough'), ('pca', 'passthrough'),
                ['trained_model',
                 RandomForestRegressor(n_jobs=-1, random_state=3443)]]), probability_threshold=None, encoded_labels=True, drift_report=False, raw_score=False, round=4, verbose=True, ml_usecase=MLUsecase.REGRESSION, display=None, drift_kwargs=None)
2022-11-02 17:06:22,372:INFO:Checking exceptions
2022-11-02 17:06:22,374:INFO:Preloading libraries
2022-11-02 17:07:23,142:INFO:Initializing load_model()
2022-11-02 17:07:23,142:INFO:load_model(model_name=rfr_model, platform=None, authentication=None, verbose=True)
2022-11-02 17:07:23,279:INFO:Initializing predict_model()
2022-11-02 17:07:23,287:INFO:predict_model(estimator=Pipeline(steps=[('dtypes',
                 DataTypes_Auto_infer(ml_usecase='regression',
                                      numerical_features=['Temp', 'D.O. (mg/l)',
                                                          'PH',
                                                          'CONDUCTIVITY '
                                                          '(µmhos/cm)',
                                                          'NITRATENAN N+ '
                                                          'NITRITENANN (mg/l)',
                                                          'FECAL COLIFORM '
                                                          '(MPN/100ml)',
                                                          'TOTAL COLIFORM '
                                                          '(MPN/100ml)Mean'],
                                      target='B.O.D. (mg/l)')),
                ('imputer',
                 Simple_Imputer(categorical_strategy='not_available',
                                fill_value_categorical=...
                ('binn', 'passthrough'), ('rem_outliers', 'passthrough'),
                ('cluster_all', 'passthrough'),
                ('dummy', Dummify(target='B.O.D. (mg/l)')),
                ('fix_perfect', Remove_100(target='B.O.D. (mg/l)')),
                ('clean_names', Clean_Colum_Names()),
                ('feature_select', 'passthrough'), ('fix_multi', 'passthrough'),
                ('dfs', 'passthrough'), ('pca', 'passthrough'),
                ['trained_model',
                 RandomForestRegressor(n_jobs=-1, random_state=3443)]]), probability_threshold=None, encoded_labels=True, drift_report=False, raw_score=False, round=4, verbose=True, ml_usecase=MLUsecase.REGRESSION, display=None, drift_kwargs=None)
2022-11-02 17:07:23,287:INFO:Checking exceptions
2022-11-02 17:07:23,287:INFO:Preloading libraries
2022-11-02 17:08:28,448:INFO:Initializing load_model()
2022-11-02 17:08:28,448:INFO:load_model(model_name=rfr_model, platform=None, authentication=None, verbose=True)
2022-11-02 17:08:28,593:INFO:Initializing predict_model()
2022-11-02 17:08:28,593:INFO:predict_model(estimator=Pipeline(steps=[('dtypes',
                 DataTypes_Auto_infer(ml_usecase='regression',
                                      numerical_features=['Temp', 'D.O. (mg/l)',
                                                          'PH',
                                                          'CONDUCTIVITY '
                                                          '(µmhos/cm)',
                                                          'NITRATENAN N+ '
                                                          'NITRITENANN (mg/l)',
                                                          'FECAL COLIFORM '
                                                          '(MPN/100ml)',
                                                          'TOTAL COLIFORM '
                                                          '(MPN/100ml)Mean'],
                                      target='B.O.D. (mg/l)')),
                ('imputer',
                 Simple_Imputer(categorical_strategy='not_available',
                                fill_value_categorical=...
                ('binn', 'passthrough'), ('rem_outliers', 'passthrough'),
                ('cluster_all', 'passthrough'),
                ('dummy', Dummify(target='B.O.D. (mg/l)')),
                ('fix_perfect', Remove_100(target='B.O.D. (mg/l)')),
                ('clean_names', Clean_Colum_Names()),
                ('feature_select', 'passthrough'), ('fix_multi', 'passthrough'),
                ('dfs', 'passthrough'), ('pca', 'passthrough'),
                ['trained_model',
                 RandomForestRegressor(n_jobs=-1, random_state=3443)]]), probability_threshold=None, encoded_labels=True, drift_report=False, raw_score=False, round=4, verbose=True, ml_usecase=MLUsecase.REGRESSION, display=None, drift_kwargs=None)
2022-11-02 17:08:28,601:INFO:Checking exceptions
2022-11-02 17:08:28,601:INFO:Preloading libraries
2022-11-02 17:09:43,532:INFO:Initializing load_model()
2022-11-02 17:09:43,534:INFO:load_model(model_name=rfr_model, platform=None, authentication=None, verbose=True)
2022-11-02 17:09:43,698:INFO:Initializing predict_model()
2022-11-02 17:09:43,706:INFO:predict_model(estimator=Pipeline(steps=[('dtypes',
                 DataTypes_Auto_infer(ml_usecase='regression',
                                      numerical_features=['Temp', 'D.O. (mg/l)',
                                                          'PH',
                                                          'CONDUCTIVITY '
                                                          '(µmhos/cm)',
                                                          'NITRATENAN N+ '
                                                          'NITRITENANN (mg/l)',
                                                          'FECAL COLIFORM '
                                                          '(MPN/100ml)',
                                                          'TOTAL COLIFORM '
                                                          '(MPN/100ml)Mean'],
                                      target='B.O.D. (mg/l)')),
                ('imputer',
                 Simple_Imputer(categorical_strategy='not_available',
                                fill_value_categorical=...
                ('binn', 'passthrough'), ('rem_outliers', 'passthrough'),
                ('cluster_all', 'passthrough'),
                ('dummy', Dummify(target='B.O.D. (mg/l)')),
                ('fix_perfect', Remove_100(target='B.O.D. (mg/l)')),
                ('clean_names', Clean_Colum_Names()),
                ('feature_select', 'passthrough'), ('fix_multi', 'passthrough'),
                ('dfs', 'passthrough'), ('pca', 'passthrough'),
                ['trained_model',
                 RandomForestRegressor(n_jobs=-1, random_state=3443)]]), probability_threshold=None, encoded_labels=True, drift_report=False, raw_score=False, round=4, verbose=True, ml_usecase=MLUsecase.REGRESSION, display=None, drift_kwargs=None)
2022-11-02 17:09:43,706:INFO:Checking exceptions
2022-11-02 17:09:43,706:INFO:Preloading libraries
2022-11-02 17:10:33,926:INFO:Initializing load_model()
2022-11-02 17:10:33,926:INFO:load_model(model_name=rfr_model, platform=None, authentication=None, verbose=True)
2022-11-02 17:10:34,080:INFO:Initializing predict_model()
2022-11-02 17:10:34,080:INFO:predict_model(estimator=Pipeline(steps=[('dtypes',
                 DataTypes_Auto_infer(ml_usecase='regression',
                                      numerical_features=['Temp', 'D.O. (mg/l)',
                                                          'PH',
                                                          'CONDUCTIVITY '
                                                          '(µmhos/cm)',
                                                          'NITRATENAN N+ '
                                                          'NITRITENANN (mg/l)',
                                                          'FECAL COLIFORM '
                                                          '(MPN/100ml)',
                                                          'TOTAL COLIFORM '
                                                          '(MPN/100ml)Mean'],
                                      target='B.O.D. (mg/l)')),
                ('imputer',
                 Simple_Imputer(categorical_strategy='not_available',
                                fill_value_categorical=...
                ('binn', 'passthrough'), ('rem_outliers', 'passthrough'),
                ('cluster_all', 'passthrough'),
                ('dummy', Dummify(target='B.O.D. (mg/l)')),
                ('fix_perfect', Remove_100(target='B.O.D. (mg/l)')),
                ('clean_names', Clean_Colum_Names()),
                ('feature_select', 'passthrough'), ('fix_multi', 'passthrough'),
                ('dfs', 'passthrough'), ('pca', 'passthrough'),
                ['trained_model',
                 RandomForestRegressor(n_jobs=-1, random_state=3443)]]), probability_threshold=None, encoded_labels=True, drift_report=False, raw_score=False, round=4, verbose=True, ml_usecase=MLUsecase.REGRESSION, display=None, drift_kwargs=None)
2022-11-02 17:10:34,080:INFO:Checking exceptions
2022-11-02 17:10:34,080:INFO:Preloading libraries
2022-11-02 17:11:03,438:INFO:Initializing load_model()
2022-11-02 17:11:03,438:INFO:load_model(model_name=rfr_model, platform=None, authentication=None, verbose=True)
2022-11-02 17:11:03,606:INFO:Initializing predict_model()
2022-11-02 17:11:03,606:INFO:predict_model(estimator=Pipeline(steps=[('dtypes',
                 DataTypes_Auto_infer(ml_usecase='regression',
                                      numerical_features=['Temp', 'D.O. (mg/l)',
                                                          'PH',
                                                          'CONDUCTIVITY '
                                                          '(µmhos/cm)',
                                                          'NITRATENAN N+ '
                                                          'NITRITENANN (mg/l)',
                                                          'FECAL COLIFORM '
                                                          '(MPN/100ml)',
                                                          'TOTAL COLIFORM '
                                                          '(MPN/100ml)Mean'],
                                      target='B.O.D. (mg/l)')),
                ('imputer',
                 Simple_Imputer(categorical_strategy='not_available',
                                fill_value_categorical=...
                ('binn', 'passthrough'), ('rem_outliers', 'passthrough'),
                ('cluster_all', 'passthrough'),
                ('dummy', Dummify(target='B.O.D. (mg/l)')),
                ('fix_perfect', Remove_100(target='B.O.D. (mg/l)')),
                ('clean_names', Clean_Colum_Names()),
                ('feature_select', 'passthrough'), ('fix_multi', 'passthrough'),
                ('dfs', 'passthrough'), ('pca', 'passthrough'),
                ['trained_model',
                 RandomForestRegressor(n_jobs=-1, random_state=3443)]]), probability_threshold=None, encoded_labels=True, drift_report=False, raw_score=False, round=4, verbose=True, ml_usecase=MLUsecase.REGRESSION, display=None, drift_kwargs=None)
2022-11-02 17:11:03,606:INFO:Checking exceptions
2022-11-02 17:11:03,606:INFO:Preloading libraries
2022-11-02 17:11:59,996:INFO:Initializing load_model()
2022-11-02 17:12:00,002:INFO:load_model(model_name=rfr_model, platform=None, authentication=None, verbose=True)
2022-11-02 17:12:22,862:INFO:Initializing load_model()
2022-11-02 17:12:22,862:INFO:load_model(model_name=rfr_model, platform=None, authentication=None, verbose=True)
2022-11-02 17:12:22,999:INFO:Initializing predict_model()
2022-11-02 17:12:22,999:INFO:predict_model(estimator=Pipeline(steps=[('dtypes',
                 DataTypes_Auto_infer(ml_usecase='regression',
                                      numerical_features=['Temp', 'D.O. (mg/l)',
                                                          'PH',
                                                          'CONDUCTIVITY '
                                                          '(µmhos/cm)',
                                                          'NITRATENAN N+ '
                                                          'NITRITENANN (mg/l)',
                                                          'FECAL COLIFORM '
                                                          '(MPN/100ml)',
                                                          'TOTAL COLIFORM '
                                                          '(MPN/100ml)Mean'],
                                      target='B.O.D. (mg/l)')),
                ('imputer',
                 Simple_Imputer(categorical_strategy='not_available',
                                fill_value_categorical=...
                ('binn', 'passthrough'), ('rem_outliers', 'passthrough'),
                ('cluster_all', 'passthrough'),
                ('dummy', Dummify(target='B.O.D. (mg/l)')),
                ('fix_perfect', Remove_100(target='B.O.D. (mg/l)')),
                ('clean_names', Clean_Colum_Names()),
                ('feature_select', 'passthrough'), ('fix_multi', 'passthrough'),
                ('dfs', 'passthrough'), ('pca', 'passthrough'),
                ['trained_model',
                 RandomForestRegressor(n_jobs=-1, random_state=3443)]]), probability_threshold=None, encoded_labels=True, drift_report=False, raw_score=False, round=4, verbose=True, ml_usecase=MLUsecase.REGRESSION, display=None, drift_kwargs=None)
2022-11-02 17:12:23,007:INFO:Checking exceptions
2022-11-02 17:12:23,007:INFO:Preloading libraries
2022-11-02 17:18:37,528:INFO:Initializing load_model()
2022-11-02 17:18:37,528:INFO:load_model(model_name=rfr_model, platform=None, authentication=None, verbose=True)
2022-11-02 17:19:10,912:INFO:Initializing load_model()
2022-11-02 17:19:10,912:INFO:load_model(model_name=rfr_model, platform=None, authentication=None, verbose=True)
2022-11-02 17:19:11,076:INFO:Initializing predict_model()
2022-11-02 17:19:11,076:INFO:predict_model(estimator=Pipeline(steps=[('dtypes',
                 DataTypes_Auto_infer(ml_usecase='regression',
                                      numerical_features=['Temp', 'D.O. (mg/l)',
                                                          'PH',
                                                          'CONDUCTIVITY '
                                                          '(µmhos/cm)',
                                                          'NITRATENAN N+ '
                                                          'NITRITENANN (mg/l)',
                                                          'FECAL COLIFORM '
                                                          '(MPN/100ml)',
                                                          'TOTAL COLIFORM '
                                                          '(MPN/100ml)Mean'],
                                      target='B.O.D. (mg/l)')),
                ('imputer',
                 Simple_Imputer(categorical_strategy='not_available',
                                fill_value_categorical=...
                ('binn', 'passthrough'), ('rem_outliers', 'passthrough'),
                ('cluster_all', 'passthrough'),
                ('dummy', Dummify(target='B.O.D. (mg/l)')),
                ('fix_perfect', Remove_100(target='B.O.D. (mg/l)')),
                ('clean_names', Clean_Colum_Names()),
                ('feature_select', 'passthrough'), ('fix_multi', 'passthrough'),
                ('dfs', 'passthrough'), ('pca', 'passthrough'),
                ['trained_model',
                 RandomForestRegressor(n_jobs=-1, random_state=3443)]]), probability_threshold=None, encoded_labels=True, drift_report=False, raw_score=False, round=4, verbose=True, ml_usecase=MLUsecase.REGRESSION, display=None, drift_kwargs=None)
2022-11-02 17:19:11,076:INFO:Checking exceptions
2022-11-02 17:19:11,076:INFO:Preloading libraries
2022-11-02 17:26:49,262:INFO:Initializing load_model()
2022-11-02 17:26:49,262:INFO:load_model(model_name=rfr_model, platform=None, authentication=None, verbose=True)
2022-11-02 17:26:49,431:INFO:Initializing predict_model()
2022-11-02 17:26:49,439:INFO:predict_model(estimator=Pipeline(steps=[('dtypes',
                 DataTypes_Auto_infer(ml_usecase='regression',
                                      numerical_features=['Temp', 'D.O. (mg/l)',
                                                          'PH',
                                                          'CONDUCTIVITY '
                                                          '(µmhos/cm)',
                                                          'NITRATENAN N+ '
                                                          'NITRITENANN (mg/l)',
                                                          'FECAL COLIFORM '
                                                          '(MPN/100ml)',
                                                          'TOTAL COLIFORM '
                                                          '(MPN/100ml)Mean'],
                                      target='B.O.D. (mg/l)')),
                ('imputer',
                 Simple_Imputer(categorical_strategy='not_available',
                                fill_value_categorical=...
                ('binn', 'passthrough'), ('rem_outliers', 'passthrough'),
                ('cluster_all', 'passthrough'),
                ('dummy', Dummify(target='B.O.D. (mg/l)')),
                ('fix_perfect', Remove_100(target='B.O.D. (mg/l)')),
                ('clean_names', Clean_Colum_Names()),
                ('feature_select', 'passthrough'), ('fix_multi', 'passthrough'),
                ('dfs', 'passthrough'), ('pca', 'passthrough'),
                ['trained_model',
                 RandomForestRegressor(n_jobs=-1, random_state=3443)]]), probability_threshold=None, encoded_labels=True, drift_report=False, raw_score=False, round=4, verbose=True, ml_usecase=MLUsecase.REGRESSION, display=None, drift_kwargs=None)
2022-11-02 17:26:49,439:INFO:Checking exceptions
2022-11-02 17:26:49,439:INFO:Preloading libraries
2022-11-02 17:33:29,246:INFO:Initializing load_model()
2022-11-02 17:33:58,064:INFO:load_model(model_name=rfr_model, platform=None, authentication=None, verbose=True)
